{
  "0 debug pnpm:scope": {
    "selected": 1
  },
  "1 error pnpm": {
    "errno": 1,
    "code": "ELIFECYCLE",
    "pkgid": "@soundxyz/sound-protocol@1.3.0",
    "stage": "test:coverage",
    "script": "forge coverage --contracts contracts --report lcov && genhtml lcov.info --branch-coverage --output-directory coverage --legend",
    "pkgname": "@soundxyz/sound-protocol",
    "err": {
      "name": "pnpm",
      "message": "@soundxyz/sound-protocol@1.3.0 test:coverage: `forge coverage --contracts contracts --report lcov && genhtml lcov.info --branch-coverage --output-directory coverage --legend`\nExit status 1",
      "code": "ELIFECYCLE",
      "stack": "pnpm: @soundxyz/sound-protocol@1.3.0 test:coverage: `forge coverage --contracts contracts --report lcov && genhtml lcov.info --branch-coverage --output-directory coverage --legend`\nExit status 1\n    at EventEmitter.<anonymous> (/usr/local/lib/node_modules/pnpm/dist/pnpm.cjs:108597:20)\n    at EventEmitter.emit (node:events:527:28)\n    at ChildProcess.<anonymous> (/usr/local/lib/node_modules/pnpm/dist/pnpm.cjs:95163:18)\n    at ChildProcess.emit (node:events:527:28)\n    at maybeClose (node:internal/child_process:1090:16)\n    at Process.ChildProcess._handle.onexit (node:internal/child_process:302:5)"
    }
  },
  "2 warn pnpm:global": " Local package.json exists, but node_modules missing, did you mean to install?"
}